<?xml version="1.0" encoding="UTF-8"?>
<testsuite name="io.jhpark.kopic.lobby.KopicLobbyApplicationTests" tests="1" skipped="0" failures="0" errors="0" timestamp="2026-03-14T11:45:49.798Z" hostname="jihoon.local" time="0.944">
  <properties/>
  <testcase name="contextLoads()" classname="io.jhpark.kopic.lobby.KopicLobbyApplicationTests" time="0.282"/>
  <system-out><![CDATA[20:45:49.845 [Test worker] INFO org.springframework.test.context.support.AnnotationConfigContextLoaderUtils -- Could not detect default configuration classes for test class [io.jhpark.kopic.lobby.KopicLobbyApplicationTests]: KopicLobbyApplicationTests does not declare any static, non-private, non-final, nested classes annotated with @Configuration.
20:45:49.875 [Test worker] INFO org.springframework.boot.test.context.SpringBootTestContextBootstrapper -- Found @SpringBootConfiguration io.jhpark.kopic.lobby.KopicLobbyApplication for test class io.jhpark.kopic.lobby.KopicLobbyApplicationTests

  .   ____          _            __ _ _
 /\\ / ___'_ __ _ _(_)_ __  __ _ \ \ \ \
( ( )\___ | '_ | '_| | '_ \/ _` | \ \ \ \
 \\/  ___)| |_)| | | | | || (_| |  ) ) ) )
  '  |____| .__|_| |_|_| |_\__, | / / / /
 =========|_|==============|___/=/_/_/_/

 :: Spring Boot ::                (v4.0.3)

2026-03-14T20:45:49.994+09:00  INFO 24196 --- [kopic-lobby] [    Test worker] i.j.k.lobby.KopicLobbyApplicationTests   : Starting KopicLobbyApplicationTests using Java 21.0.7 with PID 24196 (started by jihoon in /Users/jihoon/Desktop/workspace/personal/kopic/kopic-lobby)
2026-03-14T20:45:49.994+09:00  INFO 24196 --- [kopic-lobby] [    Test worker] i.j.k.lobby.KopicLobbyApplicationTests   : No active profile set, falling back to 1 default profile: "default"
2026-03-14T20:45:50.148+09:00  INFO 24196 --- [kopic-lobby] [    Test worker] .s.d.r.c.RepositoryConfigurationDelegate : Multiple Spring Data modules found, entering strict repository configuration mode
2026-03-14T20:45:50.149+09:00  INFO 24196 --- [kopic-lobby] [    Test worker] .s.d.r.c.RepositoryConfigurationDelegate : Bootstrapping Spring Data Redis repositories in DEFAULT mode.
2026-03-14T20:45:50.158+09:00  INFO 24196 --- [kopic-lobby] [    Test worker] .s.d.r.c.RepositoryConfigurationDelegate : Finished Spring Data repository scanning in 3 ms. Found 0 Redis repository interfaces.
2026-03-14T20:45:50.354+09:00  WARN 24196 --- [kopic-lobby] [    Test worker] i.n.r.d.DnsServerAddressStreamProviders  : Can not find io.netty.resolver.dns.macos.MacOSDnsServerAddressStreamProvider in the classpath, fallback to system defaults. This may result in incorrect DNS resolutions on MacOS. Check whether you have a dependency on 'io.netty:netty-resolver-dns-native-macos'
2026-03-14T20:45:50.455+09:00  INFO 24196 --- [kopic-lobby] [    Test worker] i.j.k.lobby.KopicLobbyApplicationTests   : Started KopicLobbyApplicationTests in 0.54 seconds (process running for 0.916)
]]></system-out>
  <system-err><![CDATA[Mockito is currently self-attaching to enable the inline-mock-maker. This will no longer work in future releases of the JDK. Please add Mockito as an agent to your build as described in Mockito's documentation: https://javadoc.io/doc/org.mockito/mockito-core/latest/org.mockito/org/mockito/Mockito.html#0.3
WARNING: A Java agent has been loaded dynamically (/Users/jihoon/.gradle/caches/modules-2/files-2.1/net.bytebuddy/byte-buddy-agent/1.17.8/f09415827a71be7ed621c7bd02550678f28bc81c/byte-buddy-agent-1.17.8.jar)
WARNING: If a serviceability tool is in use, please run with -XX:+EnableDynamicAgentLoading to hide this warning
WARNING: If a serviceability tool is not in use, please run with -Djdk.instrument.traceUsage for more information
WARNING: Dynamic loading of agents will be disallowed by default in a future release
]]></system-err>
</testsuite>
